<?xml version="1.0" encoding="UTF-8"?>
<!-- Generated by org.testng.reporters.JUnitXMLReporter -->
<testsuite ignored="6" hostname="PC" failures="1" tests="3" name="test" time="60.679" errors="0" timestamp="07 12æœˆ 2018 00:01:15 GMT">
  <testcase classname="com.edu.test.Work_Submit_Test" name="change_Work" time="26.833"/>
  <testcase classname="com.edu.test.Work_Submit_Test" name="code_file_txt" time="0.372">
    <failure type="org.openqa.selenium.ElementNotInteractableException" message="
Build info: version: &amp;apos;3.6.0&amp;apos;, revision: &amp;apos;6fbf3ec767&amp;apos;, time: &amp;apos;2017-09-27T16:15:40.131Z&amp;apos;
System info: host: &amp;apos;PC&amp;apos;, ip: &amp;apos;192.168.56.1&amp;apos;, os.name: &amp;apos;Windows 7&amp;apos;, os.arch: &amp;apos;amd64&amp;apos;, os.version: &amp;apos;6.1&amp;apos;, java.version: &amp;apos;9.0.4&amp;apos;
Driver info: org.openqa.selenium.firefox.FirefoxDriver
Capabilities [{moz:profile=C:\Users\Administrator\AppData\Local\Temp\rust_mozprofile.g5irYB6FSuhe, rotatable=false, timeouts={implicit=0, pageLoad=300000, script=30000}, pageLoadStrategy=normal, moz:headless=false, platform=XP, specificationLevel=0, moz:accessibilityChecks=false, acceptInsecureCerts=true, browserVersion=56.0, platformVersion=6.1, moz:processID=7412, browserName=firefox, javascriptEnabled=true, platformName=XP}]
Session ID: 60a74978-4492-4084-b131-513f51870daa">
      <![CDATA[org.openqa.selenium.ElementNotInteractableException: 
Build info: version: '3.6.0', revision: '6fbf3ec767', time: '2017-09-27T16:15:40.131Z'
System info: host: 'PC', ip: '192.168.56.1', os.name: 'Windows 7', os.arch: 'amd64', os.version: '6.1', java.version: '9.0.4'
Driver info: org.openqa.selenium.firefox.FirefoxDriver
Capabilities [{moz:profile=C:\Users\Administrator\AppData\Local\Temp\rust_mozprofile.g5irYB6FSuhe, rotatable=false, timeouts={implicit=0, pageLoad=300000, script=30000}, pageLoadStrategy=normal, moz:headless=false, platform=XP, specificationLevel=0, moz:accessibilityChecks=false, acceptInsecureCerts=true, browserVersion=56.0, platformVersion=6.1, moz:processID=7412, browserName=firefox, javascriptEnabled=true, platformName=XP}]
Session ID: 60a74978-4492-4084-b131-513f51870daa
at org.openqa.selenium.remote.http.W3CHttpResponseCodec.createException(W3CHttpResponseCodec.java:185)
at org.openqa.selenium.remote.http.W3CHttpResponseCodec.decode(W3CHttpResponseCodec.java:120)
at org.openqa.selenium.remote.http.W3CHttpResponseCodec.decode(W3CHttpResponseCodec.java:49)
at org.openqa.selenium.remote.HttpCommandExecutor.execute(HttpCommandExecutor.java:164)
at org.openqa.selenium.remote.service.DriverCommandExecutor.execute(DriverCommandExecutor.java:83)
at org.openqa.selenium.remote.RemoteWebDriver.execute(RemoteWebDriver.java:586)
at org.openqa.selenium.remote.RemoteWebElement.execute(RemoteWebElement.java:279)
at org.openqa.selenium.remote.RemoteWebElement.click(RemoteWebElement.java:83)
at com.edu.core.WebDriverEngine.click(WebDriverEngine.java:157)
at com.edu.test.Work_Submit_Test.code_file_txt(Work_Submit_Test.java:86)
at java.base/java.util.concurrent.FutureTask.run(FutureTask.java:264)
at java.base/java.util.concurrent.ThreadPoolExecutor.runWorker(ThreadPoolExecutor.java:1167)
at java.base/java.util.concurrent.ThreadPoolExecutor$Worker.run(ThreadPoolExecutor.java:641)
at java.base/java.lang.Thread.run(Thread.java:844)
... Removed 20 stack frames]]>
    </failure>
  </testcase> <!-- code_file_txt -->
  <testcase classname="com.edu.test.Work_Submit_Test" name="look_work" time="8.907"/>
  <testcase classname="com.edu.test.Work_Submit_Test" name="file_txt" time="0.0">
    <ignored/>
  </testcase> <!-- file_txt -->
  <testcase classname="com.edu.test.Work_Submit_Test" name="code" time="0.0">
    <ignored/>
  </testcase> <!-- code -->
  <testcase classname="com.edu.test.Work_Submit_Test" name="code_txt" time="0.0">
    <ignored/>
  </testcase> <!-- code_txt -->
  <testcase classname="com.edu.test.Work_Submit_Test" name="code_file" time="0.0">
    <ignored/>
  </testcase> <!-- code_file -->
  <testcase classname="com.edu.test.Work_Submit_Test" name="file" time="0.0">
    <ignored/>
  </testcase> <!-- file -->
  <testcase classname="com.edu.test.Work_Submit_Test" name="txt" time="0.0">
    <ignored/>
  </testcase> <!-- txt -->
</testsuite> <!-- test -->
