<?xml version="1.0" encoding="UTF-8"?>
<testng-results ignored="0" total="2" passed="1" failed="1" skipped="0">
  <reporter-output>
  </reporter-output>
  <suite started-at="2018-12-12T13:05:49Z" name="s1" finished-at="2018-12-12T13:06:47Z" duration-ms="58118">
    <groups>
    </groups>
    <test started-at="2018-12-12T13:05:49Z" name="test1" finished-at="2018-12-12T13:06:47Z" duration-ms="58118">
      <class name="aaacom.AddRenwu1">
        <test-method is-config="true" signature="doBeforeSuite()[pri:0, instance:aaacom.AddRenwu1@4efac082]" started-at="2018-12-12T13:05:49Z" name="doBeforeSuite" finished-at="2018-12-12T13:05:57Z" duration-ms="8219" status="PASS">
          <reporter-output>
          </reporter-output>
        </test-method> <!-- doBeforeSuite -->
        <test-method is-config="true" signature="denglu()[pri:0, instance:aaacom.AddRenwu1@4efac082]" started-at="2018-12-12T13:05:57Z" name="denglu" finished-at="2018-12-12T13:06:08Z" duration-ms="11161" status="PASS">
          <reporter-output>
          </reporter-output>
        </test-method> <!-- denglu -->
        <test-method is-config="true" signature="ke()[pri:0, instance:aaacom.AddRenwu1@4efac082]" started-at="2018-12-12T13:06:08Z" name="ke" finished-at="2018-12-12T13:06:19Z" duration-ms="11226" status="PASS">
          <reporter-output>
          </reporter-output>
        </test-method> <!-- ke -->
        <test-method signature="addRenwu(java.lang.String, java.lang.String, java.lang.String)[pri:0, instance:aaacom.AddRenwu1@4efac082]" started-at="2018-12-12T13:06:19Z" name="addRenwu" description="发布任务" data-provider="txt" finished-at="2018-12-12T13:06:32Z" duration-ms="12717" status="PASS">
          <params>
            <param index="0">
              <value>
                <![CDATA[作业]]>
              </value>
            </param>
            <param index="1">
              <value>
                <![CDATA[20]]>
              </value>
            </param>
            <param index="2">
              <value>
                <![CDATA[2019-01-01 00:00:00]]>
              </value>
            </param>
          </params>
          <reporter-output>
          </reporter-output>
        </test-method> <!-- addRenwu -->
        <test-method is-config="true" signature="ke()[pri:0, instance:aaacom.AddRenwu1@4efac082]" started-at="2018-12-12T13:06:32Z" name="ke" finished-at="2018-12-12T13:06:35Z" duration-ms="3292" status="PASS">
          <reporter-output>
          </reporter-output>
        </test-method> <!-- ke -->
        <test-method signature="piyue()[pri:0, instance:aaacom.AddRenwu1@4efac082]" started-at="2018-12-12T13:06:35Z" name="piyue" description="批阅作业" finished-at="2018-12-12T13:06:47Z" duration-ms="11057" status="FAIL">
          <exception class="java.lang.AssertionError">
            <message>
              <![CDATA[待验收错误 expected [0] but found [-1]]]>
            </message>
            <full-stacktrace>
              <![CDATA[java.lang.AssertionError: 待验收错误 expected [0] but found [-1]
at org.testng.Assert.fail(Assert.java:96)
at org.testng.Assert.failNotEquals(Assert.java:776)
at org.testng.Assert.assertEqualsImpl(Assert.java:137)
at org.testng.Assert.assertEquals(Assert.java:118)
at aaacom.AddRenwu1.piyue(AddRenwu1.java:64)
at java.base/jdk.internal.reflect.NativeMethodAccessorImpl.invoke0(Native Method)
at java.base/jdk.internal.reflect.NativeMethodAccessorImpl.invoke(NativeMethodAccessorImpl.java:62)
at java.base/jdk.internal.reflect.DelegatingMethodAccessorImpl.invoke(DelegatingMethodAccessorImpl.java:43)
at java.base/java.lang.reflect.Method.invoke(Method.java:564)
at org.testng.internal.MethodInvocationHelper.invokeMethod(MethodInvocationHelper.java:124)
at org.testng.internal.Invoker.invokeMethod(Invoker.java:580)
at org.testng.internal.Invoker.invokeTestMethod(Invoker.java:716)
at org.testng.internal.Invoker.invokeTestMethods(Invoker.java:988)
at org.testng.internal.TestMethodWorker.invokeTestMethods(TestMethodWorker.java:125)
at org.testng.internal.TestMethodWorker.run(TestMethodWorker.java:109)
at org.testng.TestRunner.privateRun(TestRunner.java:648)
at org.testng.TestRunner.run(TestRunner.java:505)
at org.testng.SuiteRunner.runTest(SuiteRunner.java:455)
at org.testng.SuiteRunner.runSequentially(SuiteRunner.java:450)
at org.testng.SuiteRunner.privateRun(SuiteRunner.java:415)
at org.testng.SuiteRunner.run(SuiteRunner.java:364)
at org.testng.SuiteRunnerWorker.runSuite(SuiteRunnerWorker.java:52)
at org.testng.SuiteRunnerWorker.run(SuiteRunnerWorker.java:84)
at org.testng.TestNG.runSuitesSequentially(TestNG.java:1208)
at org.testng.TestNG.runSuitesLocally(TestNG.java:1137)
at org.testng.TestNG.runSuites(TestNG.java:1049)
at org.testng.TestNG.run(TestNG.java:1017)
at org.testng.remote.AbstractRemoteTestNG.run(AbstractRemoteTestNG.java:114)
at org.testng.remote.RemoteTestNG.initAndRun(RemoteTestNG.java:251)
at org.testng.remote.RemoteTestNG.main(RemoteTestNG.java:77)
]]>
            </full-stacktrace>
          </exception> <!-- java.lang.AssertionError -->
          <reporter-output>
          </reporter-output>
        </test-method> <!-- piyue -->
      </class> <!-- aaacom.AddRenwu1 -->
    </test> <!-- test1 -->
  </suite> <!-- s1 -->
</testng-results>
