<?xml version="1.0" encoding="UTF-8"?>
<!-- Generated by org.testng.reporters.JUnitXMLReporter -->
<testsuite ignored="0" hostname="LAPTOP-CVGQM1CK" failures="1" tests="2" name="test1" time="62.841" errors="0" timestamp="12 12月 2018 13:39:28 GMT">
  <testcase classname="aaacom.AddRenwu1" name="addRenwu" time="13.068"/>
  <testcase classname="aaacom.AddRenwu1" name="piyue" time="10.947">
    <failure type="java.lang.AssertionError" message="待验收错误 expected [0] but found [-1]">
      <![CDATA[java.lang.AssertionError: 待验收错误 expected [0] but found [-1]
at aaacom.AddRenwu1.piyue(AddRenwu1.java:64)
... Removed 29 stack frames]]>
    </failure>
  </testcase> <!-- piyue -->
</testsuite> <!-- test1 -->
